<?xml version="1.0" encoding="UTF-8"?>
<testsuite name="com.Maks.FizzBuzz.FizzBuzzTest" tests="26" skipped="0" failures="0" errors="0" timestamp="2024-10-08T06:04:18" hostname="laptop-Max" time="0.068">
  <properties/>
  <testcase name="[1] 1, 1" classname="com.Maks.FizzBuzz.FizzBuzzTest" time="0.016"/>
  <testcase name="[2] 2, 2" classname="com.Maks.FizzBuzz.FizzBuzzTest" time="0.001"/>
  <testcase name="[3] 3, Fizz" classname="com.Maks.FizzBuzz.FizzBuzzTest" time="0.001"/>
  <testcase name="[4] 4, 4" classname="com.Maks.FizzBuzz.FizzBuzzTest" time="0.001"/>
  <testcase name="[5] 5, Buzz" classname="com.Maks.FizzBuzz.FizzBuzzTest" time="0.001"/>
  <testcase name="[6] 6, Fizz" classname="com.Maks.FizzBuzz.FizzBuzzTest" time="0.0"/>
  <testcase name="[7] 7, 7" classname="com.Maks.FizzBuzz.FizzBuzzTest" time="0.001"/>
  <testcase name="[8] 8, 8" classname="com.Maks.FizzBuzz.FizzBuzzTest" time="0.0"/>
  <testcase name="[9] 9, Fizz" classname="com.Maks.FizzBuzz.FizzBuzzTest" time="0.001"/>
  <testcase name="[10] 10, Buzz" classname="com.Maks.FizzBuzz.FizzBuzzTest" time="0.0"/>
  <testcase name="[11] 11, 11" classname="com.Maks.FizzBuzz.FizzBuzzTest" time="0.001"/>
  <testcase name="[12] 12, Fizz" classname="com.Maks.FizzBuzz.FizzBuzzTest" time="0.0"/>
  <testcase name="[13] 13, 13" classname="com.Maks.FizzBuzz.FizzBuzzTest" time="0.001"/>
  <testcase name="[14] 14, 14" classname="com.Maks.FizzBuzz.FizzBuzzTest" time="0.001"/>
  <testcase name="[15] 15, FizzBuzz" classname="com.Maks.FizzBuzz.FizzBuzzTest" time="0.0"/>
  <testcase name="[1] 1, 1" classname="com.Maks.FizzBuzz.FizzBuzzTest" time="0.001"/>
  <testcase name="[2] 2, 2" classname="com.Maks.FizzBuzz.FizzBuzzTest" time="0.001"/>
  <testcase name="[3] 3, Fizz" classname="com.Maks.FizzBuzz.FizzBuzzTest" time="0.001"/>
  <testcase name="[4] 4, 4" classname="com.Maks.FizzBuzz.FizzBuzzTest" time="0.001"/>
  <testcase name="[5] 5, Buzz" classname="com.Maks.FizzBuzz.FizzBuzzTest" time="0.001"/>
  <testcase name="[6] 6, Fizz" classname="com.Maks.FizzBuzz.FizzBuzzTest" time="0.001"/>
  <testcase name="[7] 7, 7" classname="com.Maks.FizzBuzz.FizzBuzzTest" time="0.001"/>
  <testcase name="[1] 1, 1" classname="com.Maks.FizzBuzz.FizzBuzzTest" time="0.0"/>
  <testcase name="[2] 2, 2" classname="com.Maks.FizzBuzz.FizzBuzzTest" time="0.001"/>
  <testcase name="[3] 3, Fizz" classname="com.Maks.FizzBuzz.FizzBuzzTest" time="0.001"/>
  <testcase name="fizzBuzz_de_1_devrait_retourner_1()" classname="com.Maks.FizzBuzz.FizzBuzzTest" time="0.002"/>
  <system-out><![CDATA[]]></system-out>
  <system-err><![CDATA[]]></system-err>
</testsuite>
