<?xml version="1.0" encoding="UTF-8"?>
<testsuite name="com.Maks.Jeu.PersonnageTest" tests="1" skipped="0" failures="0" errors="0" timestamp="2024-10-02T10:37:24" hostname="laptop-Max" time="0.017">
  <properties/>
  <testcase name="le_test_devrait_retourner_la_direction_en_fonction_du_param_et_de_son_modulo()" classname="com.Maks.Jeu.PersonnageTest" time="0.017"/>
  <system-out><![CDATA[]]></system-out>
  <system-err><![CDATA[]]></system-err>
</testsuite>
