<?xml version="1.0" encoding="UTF-8"?>
<testsuite name="com.Maks.FizzBuzz.FizzBuzzTest" tests="1" skipped="0" failures="0" errors="0" timestamp="2024-10-07T14:10:35" hostname="laptop-Max" time="0.01">
  <properties/>
  <testcase name="fizzBuzz_de_1_devrait_retourner_1()" classname="com.Maks.FizzBuzz.FizzBuzzTest" time="0.01"/>
  <system-out><![CDATA[]]></system-out>
  <system-err><![CDATA[]]></system-err>
</testsuite>
