<?xml version="1.0" encoding="UTF-8"?>
<testsuite name="com.Maks.facteursPremiers.FacteursPremiersTest" tests="1" skipped="0" failures="0" errors="0" timestamp="2024-10-01T09:30:20" hostname="laptop-Max" time="0.013">
  <properties/>
  <testcase name="generate_devrait_retourner_une_erreur_a_cause_du_param()" classname="com.Maks.facteursPremiers.FacteursPremiersTest" time="0.013"/>
  <system-out><![CDATA[]]></system-out>
  <system-err><![CDATA[]]></system-err>
</testsuite>
