<?xml version="1.0" encoding="UTF-8"?>
<testsuite name="com.Maks.Jeu.PersonnageTest" tests="1" skipped="0" failures="0" errors="0" timestamp="2024-10-02T08:19:23" hostname="laptop-Max" time="0.008">
  <properties/>
  <testcase name="le_test_devrait_retourner_la_direction_en_fonction_du_switch_et_du_param()" classname="com.Maks.Jeu.PersonnageTest" time="0.008"/>
  <system-out><![CDATA[]]></system-out>
  <system-err><![CDATA[]]></system-err>
</testsuite>
